0 info it worked if it ends with ok
1 verbose cli [ 'node',
1 verbose cli   '/usr/local/bin/npm',
1 verbose cli   'install',
1 verbose cli   'express-generator',
1 verbose cli   '-g' ]
2 info using npm@2.5.1
3 info using node@v0.12.0
4 silly cache add args [ 'express-generator', null ]
5 verbose cache add spec express-generator
6 silly cache add parsed spec { raw: 'express-generator',
6 silly cache add   scope: null,
6 silly cache add   name: 'express-generator',
6 silly cache add   rawSpec: '',
6 silly cache add   spec: '*',
6 silly cache add   type: 'range' }
7 verbose addNamed express-generator@*
8 silly addNamed semver.valid null
9 silly addNamed semver.validRange *
10 silly addNameRange { name: 'express-generator', range: '*', hasData: false }
11 silly mapToRegistry name express-generator
12 silly mapToRegistry using default registry
13 silly mapToRegistry registry https://registry.npmjs.org/
14 silly mapToRegistry uri https://registry.npmjs.org/express-generator
15 verbose addNameRange registry:https://registry.npmjs.org/express-generator not in flight; fetching
16 verbose request uri https://registry.npmjs.org/express-generator
17 verbose request no auth needed
18 info attempt registry request try #1 at 2:29:02 PM
19 verbose request id 1db1bfaea1eb347d
20 verbose etag "2NS555V0CJBYXUH3UCO93S3W9"
21 http request GET https://registry.npmjs.org/express-generator
22 http 200 https://registry.npmjs.org/express-generator
23 silly get cb [ 200,
23 silly get   { server: 'CouchDB/1.5.0 (Erlang OTP/R16B03)',
23 silly get     etag: '"4XQ71O89AYVLCH0B8P6TF660E"',
23 silly get     'content-type': 'application/json',
23 silly get     'cache-control': 'max-age=300',
23 silly get     'content-length': '31945',
23 silly get     'accept-ranges': 'bytes',
23 silly get     date: 'Wed, 13 Jan 2016 22:29:02 GMT',
23 silly get     via: '1.1 varnish',
23 silly get     age: '297',
23 silly get     connection: 'keep-alive',
23 silly get     'x-served-by': 'cache-lax1433-LAX',
23 silly get     'x-cache': 'HIT',
23 silly get     'x-cache-hits': '1',
23 silly get     'x-timer': 'S1452724142.172217,VS0,VE0',
23 silly get     vary: 'Accept' } ]
24 verbose get saving express-generator to /Users/jessewoo/.npm/registry.npmjs.org/express-generator/.cache.json
25 silly addNameRange number 2 { name: 'express-generator', range: '*', hasData: true }
26 silly addNameRange versions [ 'express-generator',
26 silly addNameRange   [ '1.0.0',
26 silly addNameRange     '3.0.0',
26 silly addNameRange     '4.0.0',
26 silly addNameRange     '4.2.0',
26 silly addNameRange     '4.8.0',
26 silly addNameRange     '4.9.0',
26 silly addNameRange     '4.10.0',
26 silly addNameRange     '4.11.0',
26 silly addNameRange     '4.11.1',
26 silly addNameRange     '4.11.2',
26 silly addNameRange     '4.12.0',
26 silly addNameRange     '4.12.1',
26 silly addNameRange     '4.12.4',
26 silly addNameRange     '4.13.0',
26 silly addNameRange     '4.13.1' ] ]
27 verbose addNamed express-generator@4.13.1
28 silly addNamed semver.valid 4.13.1
29 silly addNamed semver.validRange 4.13.1
30 silly cache afterAdd express-generator@4.13.1
31 verbose afterAdd /Users/jessewoo/.npm/express-generator/4.13.1/package/package.json not in flight; writing
32 verbose afterAdd /Users/jessewoo/.npm/express-generator/4.13.1/package/package.json written
33 silly install resolved [ { name: 'express-generator',
33 silly install resolved     description: 'Express\' application generator',
33 silly install resolved     version: '4.13.1',
33 silly install resolved     author: { name: 'TJ Holowaychuk', email: 'tj@vision-media.ca' },
33 silly install resolved     contributors: [ [Object], [Object], [Object], [Object], [Object], [Object] ],
33 silly install resolved     keywords:
33 silly install resolved      [ 'express',
33 silly install resolved        'framework',
33 silly install resolved        'sinatra',
33 silly install resolved        'web',
33 silly install resolved        'rest',
33 silly install resolved        'restful',
33 silly install resolved        'router',
33 silly install resolved        'app',
33 silly install resolved        'api' ],
33 silly install resolved     repository: { type: 'git', url: 'https://github.com/expressjs/generator' },
33 silly install resolved     license: 'MIT',
33 silly install resolved     dependencies: { commander: '2.7.1', mkdirp: '0.5.1', 'sorted-object': '1.0.0' },
33 silly install resolved     main: 'bin/express',
33 silly install resolved     preferGlobal: true,
33 silly install resolved     bin: { express: './bin/express' },
33 silly install resolved     devDependencies: { mocha: '2.2.5', rimraf: '~2.2.8', supertest: '1.0.1' },
33 silly install resolved     engines: { node: '>= 0.10' },
33 silly install resolved     files: [ 'LICENSE', 'bin/', 'templates/' ],
33 silly install resolved     scripts:
33 silly install resolved      { test: 'mocha --reporter spec --bail --check-leaks test/',
33 silly install resolved        'test-ci': 'mocha --reporter spec --check-leaks test/' },
33 silly install resolved     gitHead: '4936300029c48655cadca63d063560f67f28c79e',
33 silly install resolved     bugs: { url: 'https://github.com/expressjs/generator/issues' },
33 silly install resolved     homepage: 'https://github.com/expressjs/generator',
33 silly install resolved     _id: 'express-generator@4.13.1',
33 silly install resolved     _shasum: '58351b31f0c7da770c2872bf2a50b9e9359f9968',
33 silly install resolved     _from: 'express-generator@*',
33 silly install resolved     _npmVersion: '1.4.28',
33 silly install resolved     _npmUser: { name: 'dougwilson', email: 'doug@somethingdoug.com' },
33 silly install resolved     maintainers: [ [Object], [Object], [Object], [Object], [Object], [Object] ],
33 silly install resolved     dist:
33 silly install resolved      { shasum: '58351b31f0c7da770c2872bf2a50b9e9359f9968',
33 silly install resolved        tarball: 'http://registry.npmjs.org/express-generator/-/express-generator-4.13.1.tgz' },
33 silly install resolved     directories: {},
33 silly install resolved     _resolved: 'https://registry.npmjs.org/express-generator/-/express-generator-4.13.1.tgz',
33 silly install resolved     readme: 'ERROR: No README data found!' } ]
34 info install express-generator@4.13.1 into /usr/local/lib
35 info installOne express-generator@4.13.1
36 verbose installOne of express-generator to /usr/local/lib not in flight; installing
37 verbose lock using /Users/jessewoo/.npm/_locks/express-generator-d3cc1706f4adef09.lock for /usr/local/lib/node_modules/express-generator
38 silly install write writing express-generator 4.13.1 to /usr/local/lib/node_modules/express-generator
39 silly cache addNamed cb express-generator@4.13.1
40 verbose unbuild lib/node_modules/express-generator
41 info preuninstall express-generator@4.13.1
42 info uninstall express-generator@4.13.1
43 verbose unbuild rmStuff express-generator@4.13.1 from /usr/local/lib/node_modules
44 verbose gentlyRm verifying that /usr/local is managed by npm
45 silly isManaged /usr/local is not inside /usr/local/lib/node_modules
46 silly isManaged /usr/local is not inside /usr/local/lib/node_modules
47 silly isManaged /usr/local/bin is inside /usr/local
48 silly gentlyRm /usr/local is managed by npm
49 silly gentlyRm /usr/local/bin/express is under /usr/local
50 verbose gentlyRm vacuuming /usr/local/bin/express up to /usr/local
51 silly gentlyRm removing /usr/local/bin/express
52 silly gentlyRm quitting because other entries in /usr/local/bin
53 info postuninstall express-generator@4.13.1
54 verbose gentlyRm vacuuming /usr/local/lib/node_modules/express-generator
55 silly gentlyRm purging /usr/local/lib/node_modules/express-generator
56 verbose unlock done using /Users/jessewoo/.npm/_locks/express-generator-d3cc1706f4adef09.lock for /usr/local/lib/node_modules/express-generator
57 verbose stack Error: EACCES, unlink '/usr/local/lib/node_modules/express-generator'
57 verbose stack     at Error (native)
58 verbose cwd /Users/jessewoo/GIT/ResultsFiltering
59 error Darwin 15.2.0
60 error argv "node" "/usr/local/bin/npm" "install" "express-generator" "-g"
61 error node v0.12.0
62 error npm  v2.5.1
63 error path /usr/local/lib/node_modules/express-generator
64 error code EACCES
65 error errno -13
66 error Error: EACCES, unlink '/usr/local/lib/node_modules/express-generator'
66 error     at Error (native)
66 error  { [Error: EACCES, unlink '/usr/local/lib/node_modules/express-generator']
66 error   errno: -13,
66 error   code: 'EACCES',
66 error   path: '/usr/local/lib/node_modules/express-generator' }
67 error Please try running this command again as root/Administrator.
68 verbose exit [ -13, true ]
69 verbose unbuild lib/node_modules/express-generator
70 info preuninstall express-generator@4.13.1
71 info uninstall express-generator@4.13.1
72 verbose unbuild rmStuff express-generator@4.13.1 from /usr/local/lib/node_modules
73 verbose gentlyRm verifying that /usr/local is managed by npm
74 silly isManaged /usr/local is not inside /usr/local/lib/node_modules
75 silly isManaged /usr/local is not inside /usr/local/lib/node_modules
76 silly isManaged /usr/local is not inside /usr/local/bin
77 silly isManaged /usr/local is inside /usr/local
78 silly gentlyRm /usr/local is managed by npm
79 silly gentlyRm /usr/local/bin/express is under /usr/local
80 verbose gentlyRm vacuuming /usr/local/bin/express up to /usr/local
81 info postuninstall express-generator@4.13.1
82 verbose gentlyRm vacuuming /usr/local/lib/node_modules/express-generator
83 silly gentlyRm purging /usr/local/lib/node_modules/express-generator
84 error error rolling back Error: EACCES, unlink '/usr/local/lib/node_modules/express-generator'
84 error error rolling back     at Error (native)
84 error error rolling back  { [Error: EACCES, unlink '/usr/local/lib/node_modules/express-generator']
84 error error rolling back   errno: -13,
84 error error rolling back   code: 'EACCES',
84 error error rolling back   path: '/usr/local/lib/node_modules/express-generator' }
